\BOOKMARK [1][-]{section.1}{\376\377\000I\000n\000t\000r\000o\000d\000u\000\347\000\343\000o}{}% 1
\BOOKMARK [1][-]{section.2}{\376\377\000C\000o\000n\000t\000e\000x\000t\000o\000\040\000G\000e\000o\000p\000o\000l\000\355\000t\000i\000c\000o\000\040\000\050\000B\0009\000\051}{}% 2
\BOOKMARK [1][-]{section.3}{\376\377\000F\000u\000n\000d\000a\000m\000e\000n\000t\000a\000\347\000\343\000o\000\040\000T\000\351\000c\000n\000i\000c\000a\000:\000\040\000D\000i\000m\000e\000n\000s\000\343\000o\000\040\000A\0008}{}% 3
\BOOKMARK [2][-]{subsection.3.1}{\376\377\000B\000G\000P\000\040\000e\000\040\000S\000i\000s\000t\000e\000m\000a\000s\000\040\000A\000u\000t\000\364\000n\000o\000m\000o\000s}{section.3}% 4
\BOOKMARK [2][-]{subsection.3.2}{\376\377\000T\000i\000p\000o\000s\000\040\000d\000e\000\040\000A\000n\000o\000m\000a\000l\000i\000a\000s\000\040\000d\000e\000\040\000R\000o\000t\000e\000a\000m\000e\000n\000t\000o}{section.3}% 5
\BOOKMARK [2][-]{subsection.3.3}{\376\377\000M\000e\000c\000a\000n\000i\000s\000m\000o\000s\000\040\000d\000e\000\040\000S\000e\000g\000u\000r\000a\000n\000\347\000a\000:\000\040\000R\000P\000K\000I\000\040\000e\000\040\000R\000O\000V}{section.3}% 6
\BOOKMARK [2][-]{subsection.3.4}{\376\377\000O\000b\000s\000e\000r\000v\000a\000\347\000\343\000o\000\040\000M\000e\000t\000o\000d\000o\000l\000\363\000g\000i\000c\000a\000\040\000E\000s\000s\000e\000n\000c\000i\000a\000l}{section.3}% 7
\BOOKMARK [1][-]{section.4}{\376\377\000D\000a\000d\000o\000s\000\040\000P\000\372\000b\000l\000i\000c\000o\000s\000\040\000U\000t\000i\000l\000i\000z\000a\000d\000o\000s}{}% 8
\BOOKMARK [2][-]{subsection.4.1}{\376\377\000A\000S\000e\000s\000\040\000M\000o\000n\000i\000t\000o\000r\000a\000d\000o\000s}{section.4}% 9
\BOOKMARK [2][-]{subsection.4.2}{\376\377\000P\000e\000r\000\355\000o\000d\000o\000\040\000d\000e\000\040\000A\000n\000\341\000l\000i\000s\000e}{section.4}% 10
\BOOKMARK [1][-]{section.5}{\376\377\000M\000\351\000t\000r\000i\000c\000a\000s\000\040\000Q\000u\000a\000n\000t\000i\000t\000a\000t\000i\000v\000a\000s}{}% 11
\BOOKMARK [1][-]{section.6}{\376\377\000A\000n\000\341\000l\000i\000s\000e\000\040\000d\000o\000s\000\040\000E\000v\000e\000n\000t\000o\000s}{}% 12
\BOOKMARK [2][-]{subsection.6.1}{\376\377\000C\000r\000o\000n\000o\000l\000o\000g\000i\000a\000\040\000e\000\040\000P\000a\000d\000r\000\343\000o\000\040\000d\000o\000s\000\040\000A\000p\000a\000g\000\365\000e\000s\000\040\000\050\000M\0001\000,\000\040\000M\0002\000\051}{section.6}% 13
\BOOKMARK [2][-]{subsection.6.2}{\376\377\000O\000\040\000H\000i\000j\000a\000c\000k\000\040\000B\000G\000P\000\040\000d\000o\000\040\000T\000w\000i\000t\000t\000e\000r\000\040\000\050\000M\0005\000,\000\040\000M\0006\000\051}{section.6}% 14
\BOOKMARK [2][-]{subsection.6.3}{\376\377\000C\000o\000r\000r\000e\000l\000a\000\347\000\343\000o\000\040\000B\000G\000P\000\040\000e\000\040\000T\000r\000\341\000f\000e\000g\000o\000\040\000\050\000M\0001\000,\000\040\000M\0002\000,\000\040\000M\0003\000\051}{section.6}% 15
\BOOKMARK [2][-]{subsection.6.4}{\376\377\000C\000o\000n\000c\000e\000n\000t\000r\000a\000\347\000\343\000o\000\040\000d\000e\000\040\000T\000r\000\342\000n\000s\000i\000t\000o\000\040\000\050\000M\0004\000\051}{section.6}% 16
\BOOKMARK [1][-]{section.7}{\376\377\000D\000i\000s\000c\000u\000s\000s\000\343\000o\000\040\000C\000r\000\355\000t\000i\000c\000a}{}% 17
\BOOKMARK [2][-]{subsection.7.1}{\376\377\000O\000\040\000q\000u\000e\000\040\000o\000\040\000B\000G\000P\000\040\000P\000e\000r\000m\000i\000t\000e\000\040\000C\000o\000n\000c\000l\000u\000i\000r}{section.7}% 18
\BOOKMARK [2][-]{subsection.7.2}{\376\377\000L\000i\000m\000i\000t\000a\000\347\000\365\000e\000s\000\040\000d\000a\000\040\000A\000n\000\341\000l\000i\000s\000e\000\040\000B\000G\000P}{section.7}% 19
\BOOKMARK [2][-]{subsection.7.3}{\376\377\000I\000m\000p\000l\000i\000c\000a\000\347\000\365\000e\000s\000\040\000p\000a\000r\000a\000\040\000S\000e\000g\000u\000r\000a\000n\000\347\000a\000\040\000d\000e\000\040\000R\000o\000t\000e\000a\000m\000e\000n\000t\000o}{section.7}% 20
\BOOKMARK [1][-]{section.8}{\376\377\000C\000o\000n\000c\000l\000u\000s\000\343\000o}{}% 21
